16:55:20,252  INFO ContextLoader:273 - Root WebApplicationContext: initialization started
16:55:20,317  INFO XmlWebApplicationContext:510 - Refreshing Root WebApplicationContext: startup date [Mon Dec 14 16:55:20 CST 2015]; root of context hierarchy
16:55:20,361  INFO XmlBeanDefinitionReader:315 - Loading XML bean definitions from class path resource [spring.xml]
16:55:20,446  INFO ClassPathBeanDefinitionScanner:222 - JSR-250 'javax.annotation.ManagedBean' found and supported for component scanning
16:55:20,501  INFO XmlBeanDefinitionReader:315 - Loading XML bean definitions from class path resource [spring-hibernate.xml]
16:55:20,736  INFO PropertyPlaceholderConfigurer:172 - Loading properties file from class path resource [config.properties]
16:55:20,786  INFO XmlWebApplicationContext:1374 - Bean 'org.springframework.aop.support.DefaultBeanFactoryPointcutAdvisor#0' of type [class org.springframework.aop.support.DefaultBeanFactoryPointcutAdvisor] is not eligible for getting processed by all BeanPostProcessors (for example: not eligible for auto-proxying)
16:55:20,805  INFO XmlWebApplicationContext:1374 - Bean 'druid-stat-pointcut' of type [class org.springframework.aop.support.JdkRegexpMethodPointcut] is not eligible for getting processed by all BeanPostProcessors (for example: not eligible for auto-proxying)
16:55:20,929  INFO XmlWebApplicationContext:1374 - Bean 'org.springframework.aop.support.DefaultBeanFactoryPointcutAdvisor#1' of type [class org.springframework.aop.support.DefaultBeanFactoryPointcutAdvisor] is not eligible for getting processed by all BeanPostProcessors (for example: not eligible for auto-proxying)
16:55:21,074  INFO DruidDataSource:642 - {dataSource-1} inited
16:55:21,074  INFO XmlWebApplicationContext:1374 - Bean 'dataSource' of type [class com.alibaba.druid.pool.DruidDataSource] is not eligible for getting processed by all BeanPostProcessors (for example: not eligible for auto-proxying)
16:55:21,256  INFO Version:37 - HCANN000001: Hibernate Commons Annotations {4.0.1.Final}
16:55:21,263  INFO Version:41 - HHH000412: Hibernate Core {4.1.9.Final}
16:55:21,265  INFO Environment:239 - HHH000206: hibernate.properties not found
16:55:21,266  INFO Environment:342 - HHH000021: Bytecode provider name : javassist
16:55:21,908  INFO Dialect:123 - HHH000400: Using dialect: org.hibernate.dialect.MySQLDialect
16:55:21,920  INFO LobCreatorBuilder:94 - HHH000423: Disabling contextual LOB creation as JDBC driver reported JDBC version [3] less than 4
16:55:21,936  INFO TransactionFactoryInitiator:68 - HHH000399: Using default transaction strategy (direct JDBC transactions)
16:55:21,942  INFO ASTQueryTranslatorFactory:48 - HHH000397: Using ASTQueryTranslatorFactory
16:55:21,985  WARN UUIDHexGenerator:59 - HHH000409: Using org.hibernate.id.UUIDHexGenerator which does not generate IETF RFC 4122 compliant UUID values; consider using org.hibernate.id.UUIDGenerator instead
16:55:22,416  INFO XmlWebApplicationContext:1374 - Bean 'sessionFactory' of type [class org.springframework.orm.hibernate4.LocalSessionFactoryBean] is not eligible for getting processed by all BeanPostProcessors (for example: not eligible for auto-proxying)
16:55:22,419  INFO XmlWebApplicationContext:1374 - Bean 'sessionFactory' of type [class org.hibernate.internal.SessionFactoryImpl] is not eligible for getting processed by all BeanPostProcessors (for example: not eligible for auto-proxying)
16:55:22,459  INFO EhCacheManagerFactoryBean:110 - Initializing EhCache CacheManager
16:55:22,497  WARN CacheManager:730 - One or more caches require a DiskStore but there is no diskStore element configured. Using the default disk store path of C:\Users\Sun\AppData\Local\Temp\. Please explicitly configure the diskStore element in ehcache.xml.
16:55:22,637  INFO XmlWebApplicationContext:1374 - Bean 'cacheManager' of type [class org.springframework.cache.ehcache.EhCacheManagerFactoryBean] is not eligible for getting processed by all BeanPostProcessors (for example: not eligible for auto-proxying)
16:55:22,639  INFO XmlWebApplicationContext:1374 - Bean 'cacheManager' of type [class net.sf.ehcache.CacheManager] is not eligible for getting processed by all BeanPostProcessors (for example: not eligible for auto-proxying)
16:55:22,642  INFO XmlWebApplicationContext:1374 - Bean 'shiroCacheManager' of type [class org.apache.shiro.cache.ehcache.EhCacheManager] is not eligible for getting processed by all BeanPostProcessors (for example: not eligible for auto-proxying)
16:55:22,645  INFO EhCacheManager:159 - Cache with name 'com.qqms.shiro.MyShiroRealm.authorizationCache' does not yet exist.  Creating now.
16:55:22,661  INFO EhCacheManager:166 - Added EhCache named [com.qqms.shiro.MyShiroRealm.authorizationCache]
16:55:22,662  INFO XmlWebApplicationContext:1374 - Bean 'myShiroRealm' of type [class com.qqms.shiro.MyShiroRealm] is not eligible for getting processed by all BeanPostProcessors (for example: not eligible for auto-proxying)
16:55:22,669  INFO XmlWebApplicationContext:1374 - Bean 'securityManager' of type [class org.apache.shiro.web.mgt.DefaultWebSecurityManager] is not eligible for getting processed by all BeanPostProcessors (for example: not eligible for auto-proxying)
16:55:22,705  INFO XmlWebApplicationContext:1374 - Bean 'formAuthenticationFilter' of type [class org.apache.shiro.web.filter.authc.FormAuthenticationFilter] is not eligible for getting processed by all BeanPostProcessors (for example: not eligible for auto-proxying)
16:55:22,739  INFO XmlWebApplicationContext:1374 - Bean 'sessionDAO' of type [class org.apache.shiro.session.mgt.eis.EnterpriseCacheSessionDAO] is not eligible for getting processed by all BeanPostProcessors (for example: not eligible for auto-proxying)
16:55:22,743  INFO XmlWebApplicationContext:1374 - Bean 'com.qqms.listener.SessionHandler#44cf2e58' of type [class com.qqms.listener.SessionHandler] is not eligible for getting processed by all BeanPostProcessors (for example: not eligible for auto-proxying)
16:55:22,748  INFO XmlWebApplicationContext:1374 - Bean 'sessionValidationScheduler' of type [class org.apache.shiro.session.mgt.ExecutorServiceSessionValidationScheduler] is not eligible for getting processed by all BeanPostProcessors (for example: not eligible for auto-proxying)
16:55:22,750  INFO XmlWebApplicationContext:1374 - Bean 'sessionManager' of type [class org.apache.shiro.web.session.mgt.DefaultWebSessionManager] is not eligible for getting processed by all BeanPostProcessors (for example: not eligible for auto-proxying)
16:55:22,755  INFO EhCacheManager:159 - Cache with name 'shiro-kickout-session' does not yet exist.  Creating now.
16:55:22,795  INFO EhCacheManager:166 - Added EhCache named [shiro-kickout-session]
16:55:22,796  INFO XmlWebApplicationContext:1374 - Bean 'kickoutSessionControlFilter' of type [class com.qqms.shiro.KickoutSessionControlFilter] is not eligible for getting processed by all BeanPostProcessors (for example: not eligible for auto-proxying)
16:55:22,797  INFO XmlWebApplicationContext:1374 - Bean 'util:map#5eecbc6' of type [class org.springframework.beans.factory.config.MapFactoryBean] is not eligible for getting processed by all BeanPostProcessors (for example: not eligible for auto-proxying)
16:55:22,798  INFO XmlWebApplicationContext:1374 - Bean 'util:map#5eecbc6' of type [class java.util.LinkedHashMap] is not eligible for getting processed by all BeanPostProcessors (for example: not eligible for auto-proxying)
16:55:22,820  INFO DefaultListableBeanFactory:596 - Pre-instantiating singletons in org.springframework.beans.factory.support.DefaultListableBeanFactory@4379344a: defining beans [org.springframework.beans.factory.config.PropertyPlaceholderConfigurer#0,publicDao,backupScheduleService,baseService,dbBackUpService,emccontactServiceImpl,excelService,functionService,investorService,loanerService,loanOrderService,loginService,logsService,orderStatusService,organizationService,permissionAssignmentService,systemCodeService,systemParameterService,userService,org.springframework.context.annotation.internalConfigurationAnnotationProcessor,org.springframework.context.annotation.internalAutowiredAnnotationProcessor,org.springframework.context.annotation.internalRequiredAnnotationProcessor,org.springframework.context.annotation.internalCommonAnnotationProcessor,org.springframework.context.annotation.internalPersistenceAnnotationProcessor,dataSource,cacheManager,myShiroRealm,securityManager,lifecycleBeanPostProcessor,shiroCacheManager,formAuthenticationFilter,sessionManager,sessionDAO,sessionValidationScheduler,kickoutSessionControlFilter,shiroFilter,sessionFactory,transactionManager,transactionAdvice,org.springframework.aop.config.internalAutoProxyCreator,transactionPointcut,org.springframework.aop.support.DefaultBeanFactoryPointcutAdvisor#0,druid-stat-interceptor,druid-stat-pointcut,org.springframework.aop.support.DefaultBeanFactoryPointcutAdvisor#1,org.springframework.context.annotation.ConfigurationClassPostProcessor.importAwareProcessor]; root of factory hierarchy
16:55:22,857  INFO HibernateTransactionManager:339 - Using DataSource [{
	CreateTime:"2015-12-14 16:55:21",
	ActiveCount:0,
	PoolingCount:1,
	CreateCount:1,
	DestroyCount:0,
	CloseCount:1,
	ConnectCount:1,
	Connections:[
		{ID:650670910, ConnectTime:"2015-12-14 16:55:21", UseCount:1, LastActiveTime:"2015-12-14 16:55:21"}
	]
}] of Hibernate SessionFactory for HibernateTransactionManager
16:55:22,995  INFO DefaultListableBeanFactory:444 - Destroying singletons in org.springframework.beans.factory.support.DefaultListableBeanFactory@4379344a: defining beans [org.springframework.beans.factory.config.PropertyPlaceholderConfigurer#0,publicDao,backupScheduleService,baseService,dbBackUpService,emccontactServiceImpl,excelService,functionService,investorService,loanerService,loanOrderService,loginService,logsService,orderStatusService,organizationService,permissionAssignmentService,systemCodeService,systemParameterService,userService,org.springframework.context.annotation.internalConfigurationAnnotationProcessor,org.springframework.context.annotation.internalAutowiredAnnotationProcessor,org.springframework.context.annotation.internalRequiredAnnotationProcessor,org.springframework.context.annotation.internalCommonAnnotationProcessor,org.springframework.context.annotation.internalPersistenceAnnotationProcessor,dataSource,cacheManager,myShiroRealm,securityManager,lifecycleBeanPostProcessor,shiroCacheManager,formAuthenticationFilter,sessionManager,sessionDAO,sessionValidationScheduler,kickoutSessionControlFilter,shiroFilter,sessionFactory,transactionManager,transactionAdvice,org.springframework.aop.config.internalAutoProxyCreator,transactionPointcut,org.springframework.aop.support.DefaultBeanFactoryPointcutAdvisor#0,druid-stat-interceptor,druid-stat-pointcut,org.springframework.aop.support.DefaultBeanFactoryPointcutAdvisor#1,org.springframework.context.annotation.ConfigurationClassPostProcessor.importAwareProcessor]; root of factory hierarchy
16:55:23,000  INFO EhCacheManagerFactoryBean:164 - Shutting down EhCache CacheManager
16:55:23,019  INFO DruidDataSource:1253 - {dataSource-1} closed
16:55:23,020 ERROR ContextLoader:319 - Context initialization failed
org.springframework.beans.factory.BeanCreationException: Error creating bean with name 'permissionAssignmentService' defined in file [E:\workspaces\.metadata\.plugins\org.eclipse.wst.server.core\tmp3\wtpwebapps\qqms\WEB-INF\classes\com\qqms\serviceImpl\PermissionAssignmentServiceImpl.class]: Instantiation of bean failed; nested exception is org.springframework.beans.BeanInstantiationException: Could not instantiate bean class [com.qqms.serviceImpl.PermissionAssignmentServiceImpl]: Constructor threw exception; nested exception is java.lang.Error: Unresolved compilation problems: 
	The import net.sourceforge cannot be resolved
	The method getUpEname1(String) from the type ChineseToPinYinUtil refers to the missing type BadHanyuPinyinOutputFormatCombination
	BadHanyuPinyinOutputFormatCombination cannot be resolved to a type

	at org.springframework.beans.factory.support.AbstractAutowireCapableBeanFactory.instantiateBean(AbstractAutowireCapableBeanFactory.java:1013)
	at org.springframework.beans.factory.support.AbstractAutowireCapableBeanFactory.createBeanInstance(AbstractAutowireCapableBeanFactory.java:959)
	at org.springframework.beans.factory.support.AbstractAutowireCapableBeanFactory.doCreateBean(AbstractAutowireCapableBeanFactory.java:490)
	at org.springframework.beans.factory.support.AbstractAutowireCapableBeanFactory.createBean(AbstractAutowireCapableBeanFactory.java:461)
	at org.springframework.beans.factory.support.AbstractBeanFactory$1.getObject(AbstractBeanFactory.java:295)
	at org.springframework.beans.factory.support.DefaultSingletonBeanRegistry.getSingleton(DefaultSingletonBeanRegistry.java:223)
	at org.springframework.beans.factory.support.AbstractBeanFactory.doGetBean(AbstractBeanFactory.java:292)
	at org.springframework.beans.factory.support.AbstractBeanFactory.getBean(AbstractBeanFactory.java:194)
	at org.springframework.beans.factory.support.DefaultListableBeanFactory.preInstantiateSingletons(DefaultListableBeanFactory.java:626)
	at org.springframework.context.support.AbstractApplicationContext.finishBeanFactoryInitialization(AbstractApplicationContext.java:932)
	at org.springframework.context.support.AbstractApplicationContext.refresh(AbstractApplicationContext.java:479)
	at org.springframework.web.context.ContextLoader.configureAndRefreshWebApplicationContext(ContextLoader.java:389)
	at org.springframework.web.context.ContextLoader.initWebApplicationContext(ContextLoader.java:294)
	at org.springframework.web.context.ContextLoaderListener.contextInitialized(ContextLoaderListener.java:112)
	at org.apache.catalina.core.StandardContext.listenerStart(StandardContext.java:4728)
	at org.apache.catalina.core.StandardContext.startInternal(StandardContext.java:5166)
	at org.apache.catalina.util.LifecycleBase.start(LifecycleBase.java:150)
	at org.apache.catalina.core.ContainerBase$StartChild.call(ContainerBase.java:1409)
	at org.apache.catalina.core.ContainerBase$StartChild.call(ContainerBase.java:1399)
	at java.util.concurrent.FutureTask.run(Unknown Source)
	at java.util.concurrent.ThreadPoolExecutor.runWorker(Unknown Source)
	at java.util.concurrent.ThreadPoolExecutor$Worker.run(Unknown Source)
	at java.lang.Thread.run(Unknown Source)
Caused by: org.springframework.beans.BeanInstantiationException: Could not instantiate bean class [com.qqms.serviceImpl.PermissionAssignmentServiceImpl]: Constructor threw exception; nested exception is java.lang.Error: Unresolved compilation problems: 
	The import net.sourceforge cannot be resolved
	The method getUpEname1(String) from the type ChineseToPinYinUtil refers to the missing type BadHanyuPinyinOutputFormatCombination
	BadHanyuPinyinOutputFormatCombination cannot be resolved to a type

	at org.springframework.beans.BeanUtils.instantiateClass(BeanUtils.java:163)
	at org.springframework.beans.factory.support.SimpleInstantiationStrategy.instantiate(SimpleInstantiationStrategy.java:87)
	at org.springframework.beans.factory.support.AbstractAutowireCapableBeanFactory.instantiateBean(AbstractAutowireCapableBeanFactory.java:1006)
	... 22 more
Caused by: java.lang.Error: Unresolved compilation problems: 
	The import net.sourceforge cannot be resolved
	The method getUpEname1(String) from the type ChineseToPinYinUtil refers to the missing type BadHanyuPinyinOutputFormatCombination
	BadHanyuPinyinOutputFormatCombination cannot be resolved to a type

	at com.qqms.serviceImpl.PermissionAssignmentServiceImpl.<init>(PermissionAssignmentServiceImpl.java:10)
	at sun.reflect.NativeConstructorAccessorImpl.newInstance0(Native Method)
	at sun.reflect.NativeConstructorAccessorImpl.newInstance(Unknown Source)
	at sun.reflect.DelegatingConstructorAccessorImpl.newInstance(Unknown Source)
	at java.lang.reflect.Constructor.newInstance(Unknown Source)
	at org.springframework.beans.BeanUtils.instantiateClass(BeanUtils.java:148)
	... 24 more
17:17:40,015  INFO ContextLoader:273 - Root WebApplicationContext: initialization started
17:17:40,077  INFO XmlWebApplicationContext:510 - Refreshing Root WebApplicationContext: startup date [Mon Dec 14 17:17:40 CST 2015]; root of context hierarchy
17:17:40,118  INFO XmlBeanDefinitionReader:315 - Loading XML bean definitions from class path resource [spring.xml]
17:17:40,204  INFO ClassPathBeanDefinitionScanner:222 - JSR-250 'javax.annotation.ManagedBean' found and supported for component scanning
17:17:40,260  INFO XmlBeanDefinitionReader:315 - Loading XML bean definitions from class path resource [spring-hibernate.xml]
17:17:40,488  INFO PropertyPlaceholderConfigurer:172 - Loading properties file from class path resource [config.properties]
17:17:40,540  INFO XmlWebApplicationContext:1374 - Bean 'org.springframework.aop.support.DefaultBeanFactoryPointcutAdvisor#0' of type [class org.springframework.aop.support.DefaultBeanFactoryPointcutAdvisor] is not eligible for getting processed by all BeanPostProcessors (for example: not eligible for auto-proxying)
17:17:40,561  INFO XmlWebApplicationContext:1374 - Bean 'druid-stat-pointcut' of type [class org.springframework.aop.support.JdkRegexpMethodPointcut] is not eligible for getting processed by all BeanPostProcessors (for example: not eligible for auto-proxying)
17:17:40,689  INFO XmlWebApplicationContext:1374 - Bean 'org.springframework.aop.support.DefaultBeanFactoryPointcutAdvisor#1' of type [class org.springframework.aop.support.DefaultBeanFactoryPointcutAdvisor] is not eligible for getting processed by all BeanPostProcessors (for example: not eligible for auto-proxying)
17:17:40,845  INFO DruidDataSource:642 - {dataSource-1} inited
17:17:40,846  INFO XmlWebApplicationContext:1374 - Bean 'dataSource' of type [class com.alibaba.druid.pool.DruidDataSource] is not eligible for getting processed by all BeanPostProcessors (for example: not eligible for auto-proxying)
17:17:41,034  INFO Version:37 - HCANN000001: Hibernate Commons Annotations {4.0.1.Final}
17:17:41,041  INFO Version:41 - HHH000412: Hibernate Core {4.1.9.Final}
17:17:41,043  INFO Environment:239 - HHH000206: hibernate.properties not found
17:17:41,045  INFO Environment:342 - HHH000021: Bytecode provider name : javassist
17:17:41,758  INFO Dialect:123 - HHH000400: Using dialect: org.hibernate.dialect.MySQLDialect
17:17:41,770  INFO LobCreatorBuilder:94 - HHH000423: Disabling contextual LOB creation as JDBC driver reported JDBC version [3] less than 4
17:17:41,788  INFO TransactionFactoryInitiator:68 - HHH000399: Using default transaction strategy (direct JDBC transactions)
17:17:41,794  INFO ASTQueryTranslatorFactory:48 - HHH000397: Using ASTQueryTranslatorFactory
17:17:41,841  WARN UUIDHexGenerator:59 - HHH000409: Using org.hibernate.id.UUIDHexGenerator which does not generate IETF RFC 4122 compliant UUID values; consider using org.hibernate.id.UUIDGenerator instead
17:17:42,296  INFO XmlWebApplicationContext:1374 - Bean 'sessionFactory' of type [class org.springframework.orm.hibernate4.LocalSessionFactoryBean] is not eligible for getting processed by all BeanPostProcessors (for example: not eligible for auto-proxying)
17:17:42,299  INFO XmlWebApplicationContext:1374 - Bean 'sessionFactory' of type [class org.hibernate.internal.SessionFactoryImpl] is not eligible for getting processed by all BeanPostProcessors (for example: not eligible for auto-proxying)
17:17:42,340  INFO EhCacheManagerFactoryBean:110 - Initializing EhCache CacheManager
17:17:42,380  WARN CacheManager:730 - One or more caches require a DiskStore but there is no diskStore element configured. Using the default disk store path of C:\Users\Sun\AppData\Local\Temp\. Please explicitly configure the diskStore element in ehcache.xml.
17:17:42,523  INFO XmlWebApplicationContext:1374 - Bean 'cacheManager' of type [class org.springframework.cache.ehcache.EhCacheManagerFactoryBean] is not eligible for getting processed by all BeanPostProcessors (for example: not eligible for auto-proxying)
17:17:42,524  INFO XmlWebApplicationContext:1374 - Bean 'cacheManager' of type [class net.sf.ehcache.CacheManager] is not eligible for getting processed by all BeanPostProcessors (for example: not eligible for auto-proxying)
17:17:42,527  INFO XmlWebApplicationContext:1374 - Bean 'shiroCacheManager' of type [class org.apache.shiro.cache.ehcache.EhCacheManager] is not eligible for getting processed by all BeanPostProcessors (for example: not eligible for auto-proxying)
17:17:42,531  INFO EhCacheManager:159 - Cache with name 'com.qqms.shiro.MyShiroRealm.authorizationCache' does not yet exist.  Creating now.
17:17:42,548  INFO EhCacheManager:166 - Added EhCache named [com.qqms.shiro.MyShiroRealm.authorizationCache]
17:17:42,549  INFO XmlWebApplicationContext:1374 - Bean 'myShiroRealm' of type [class com.qqms.shiro.MyShiroRealm] is not eligible for getting processed by all BeanPostProcessors (for example: not eligible for auto-proxying)
17:17:42,557  INFO XmlWebApplicationContext:1374 - Bean 'securityManager' of type [class org.apache.shiro.web.mgt.DefaultWebSecurityManager] is not eligible for getting processed by all BeanPostProcessors (for example: not eligible for auto-proxying)
17:17:42,595  INFO XmlWebApplicationContext:1374 - Bean 'formAuthenticationFilter' of type [class org.apache.shiro.web.filter.authc.FormAuthenticationFilter] is not eligible for getting processed by all BeanPostProcessors (for example: not eligible for auto-proxying)
17:17:42,659  INFO XmlWebApplicationContext:1374 - Bean 'sessionDAO' of type [class org.apache.shiro.session.mgt.eis.EnterpriseCacheSessionDAO] is not eligible for getting processed by all BeanPostProcessors (for example: not eligible for auto-proxying)
17:17:42,664  INFO XmlWebApplicationContext:1374 - Bean 'com.qqms.listener.SessionHandler#2ed4040b' of type [class com.qqms.listener.SessionHandler] is not eligible for getting processed by all BeanPostProcessors (for example: not eligible for auto-proxying)
17:17:42,670  INFO XmlWebApplicationContext:1374 - Bean 'sessionValidationScheduler' of type [class org.apache.shiro.session.mgt.ExecutorServiceSessionValidationScheduler] is not eligible for getting processed by all BeanPostProcessors (for example: not eligible for auto-proxying)
17:17:42,672  INFO XmlWebApplicationContext:1374 - Bean 'sessionManager' of type [class org.apache.shiro.web.session.mgt.DefaultWebSessionManager] is not eligible for getting processed by all BeanPostProcessors (for example: not eligible for auto-proxying)
17:17:42,678  INFO EhCacheManager:159 - Cache with name 'shiro-kickout-session' does not yet exist.  Creating now.
17:17:42,694  INFO EhCacheManager:166 - Added EhCache named [shiro-kickout-session]
17:17:42,694  INFO XmlWebApplicationContext:1374 - Bean 'kickoutSessionControlFilter' of type [class com.qqms.shiro.KickoutSessionControlFilter] is not eligible for getting processed by all BeanPostProcessors (for example: not eligible for auto-proxying)
17:17:42,696  INFO XmlWebApplicationContext:1374 - Bean 'util:map#2e53a5f5' of type [class org.springframework.beans.factory.config.MapFactoryBean] is not eligible for getting processed by all BeanPostProcessors (for example: not eligible for auto-proxying)
17:17:42,697  INFO XmlWebApplicationContext:1374 - Bean 'util:map#2e53a5f5' of type [class java.util.LinkedHashMap] is not eligible for getting processed by all BeanPostProcessors (for example: not eligible for auto-proxying)
17:17:42,719  INFO DefaultListableBeanFactory:596 - Pre-instantiating singletons in org.springframework.beans.factory.support.DefaultListableBeanFactory@4c6041b2: defining beans [org.springframework.beans.factory.config.PropertyPlaceholderConfigurer#0,publicDao,backupScheduleService,baseService,dbBackUpService,emccontactServiceImpl,excelService,functionService,investorService,loanerService,loanOrderService,loginService,logsService,orderStatusService,organizationService,permissionAssignmentService,systemCodeService,systemParameterService,userService,org.springframework.context.annotation.internalConfigurationAnnotationProcessor,org.springframework.context.annotation.internalAutowiredAnnotationProcessor,org.springframework.context.annotation.internalRequiredAnnotationProcessor,org.springframework.context.annotation.internalCommonAnnotationProcessor,org.springframework.context.annotation.internalPersistenceAnnotationProcessor,dataSource,cacheManager,myShiroRealm,securityManager,lifecycleBeanPostProcessor,shiroCacheManager,formAuthenticationFilter,sessionManager,sessionDAO,sessionValidationScheduler,kickoutSessionControlFilter,shiroFilter,sessionFactory,transactionManager,transactionAdvice,org.springframework.aop.config.internalAutoProxyCreator,transactionPointcut,org.springframework.aop.support.DefaultBeanFactoryPointcutAdvisor#0,druid-stat-interceptor,druid-stat-pointcut,org.springframework.aop.support.DefaultBeanFactoryPointcutAdvisor#1,org.springframework.context.annotation.ConfigurationClassPostProcessor.importAwareProcessor]; root of factory hierarchy
17:17:42,762  INFO HibernateTransactionManager:339 - Using DataSource [{
	CreateTime:"2015-12-14 17:17:40",
	ActiveCount:0,
	PoolingCount:1,
	CreateCount:1,
	DestroyCount:0,
	CloseCount:1,
	ConnectCount:1,
	Connections:[
		{ID:2005317800, ConnectTime:"2015-12-14 17:17:41", UseCount:1, LastActiveTime:"2015-12-14 17:17:41"}
	]
}] of Hibernate SessionFactory for HibernateTransactionManager
17:17:42,923  INFO DefaultListableBeanFactory:444 - Destroying singletons in org.springframework.beans.factory.support.DefaultListableBeanFactory@4c6041b2: defining beans [org.springframework.beans.factory.config.PropertyPlaceholderConfigurer#0,publicDao,backupScheduleService,baseService,dbBackUpService,emccontactServiceImpl,excelService,functionService,investorService,loanerService,loanOrderService,loginService,logsService,orderStatusService,organizationService,permissionAssignmentService,systemCodeService,systemParameterService,userService,org.springframework.context.annotation.internalConfigurationAnnotationProcessor,org.springframework.context.annotation.internalAutowiredAnnotationProcessor,org.springframework.context.annotation.internalRequiredAnnotationProcessor,org.springframework.context.annotation.internalCommonAnnotationProcessor,org.springframework.context.annotation.internalPersistenceAnnotationProcessor,dataSource,cacheManager,myShiroRealm,securityManager,lifecycleBeanPostProcessor,shiroCacheManager,formAuthenticationFilter,sessionManager,sessionDAO,sessionValidationScheduler,kickoutSessionControlFilter,shiroFilter,sessionFactory,transactionManager,transactionAdvice,org.springframework.aop.config.internalAutoProxyCreator,transactionPointcut,org.springframework.aop.support.DefaultBeanFactoryPointcutAdvisor#0,druid-stat-interceptor,druid-stat-pointcut,org.springframework.aop.support.DefaultBeanFactoryPointcutAdvisor#1,org.springframework.context.annotation.ConfigurationClassPostProcessor.importAwareProcessor]; root of factory hierarchy
17:17:42,929  INFO EhCacheManagerFactoryBean:164 - Shutting down EhCache CacheManager
17:17:42,946  INFO DruidDataSource:1253 - {dataSource-1} closed
17:17:42,947 ERROR ContextLoader:319 - Context initialization failed
org.springframework.beans.factory.BeanCreationException: Error creating bean with name 'permissionAssignmentService' defined in file [E:\workspaces\.metadata\.plugins\org.eclipse.wst.server.core\tmp3\wtpwebapps\qqms\WEB-INF\classes\com\qqms\serviceImpl\PermissionAssignmentServiceImpl.class]: Instantiation of bean failed; nested exception is org.springframework.beans.BeanInstantiationException: Could not instantiate bean class [com.qqms.serviceImpl.PermissionAssignmentServiceImpl]: Constructor threw exception; nested exception is java.lang.Error: Unresolved compilation problems: 
	The import net.sourceforge cannot be resolved
	The method getUpEname1(String) from the type ChineseToPinYinUtil refers to the missing type BadHanyuPinyinOutputFormatCombination
	BadHanyuPinyinOutputFormatCombination cannot be resolved to a type

	at org.springframework.beans.factory.support.AbstractAutowireCapableBeanFactory.instantiateBean(AbstractAutowireCapableBeanFactory.java:1013)
	at org.springframework.beans.factory.support.AbstractAutowireCapableBeanFactory.createBeanInstance(AbstractAutowireCapableBeanFactory.java:959)
	at org.springframework.beans.factory.support.AbstractAutowireCapableBeanFactory.doCreateBean(AbstractAutowireCapableBeanFactory.java:490)
	at org.springframework.beans.factory.support.AbstractAutowireCapableBeanFactory.createBean(AbstractAutowireCapableBeanFactory.java:461)
	at org.springframework.beans.factory.support.AbstractBeanFactory$1.getObject(AbstractBeanFactory.java:295)
	at org.springframework.beans.factory.support.DefaultSingletonBeanRegistry.getSingleton(DefaultSingletonBeanRegistry.java:223)
	at org.springframework.beans.factory.support.AbstractBeanFactory.doGetBean(AbstractBeanFactory.java:292)
	at org.springframework.beans.factory.support.AbstractBeanFactory.getBean(AbstractBeanFactory.java:194)
	at org.springframework.beans.factory.support.DefaultListableBeanFactory.preInstantiateSingletons(DefaultListableBeanFactory.java:626)
	at org.springframework.context.support.AbstractApplicationContext.finishBeanFactoryInitialization(AbstractApplicationContext.java:932)
	at org.springframework.context.support.AbstractApplicationContext.refresh(AbstractApplicationContext.java:479)
	at org.springframework.web.context.ContextLoader.configureAndRefreshWebApplicationContext(ContextLoader.java:389)
	at org.springframework.web.context.ContextLoader.initWebApplicationContext(ContextLoader.java:294)
	at org.springframework.web.context.ContextLoaderListener.contextInitialized(ContextLoaderListener.java:112)
	at org.apache.catalina.core.StandardContext.listenerStart(StandardContext.java:4728)
	at org.apache.catalina.core.StandardContext.startInternal(StandardContext.java:5166)
	at org.apache.catalina.util.LifecycleBase.start(LifecycleBase.java:150)
	at org.apache.catalina.core.ContainerBase$StartChild.call(ContainerBase.java:1409)
	at org.apache.catalina.core.ContainerBase$StartChild.call(ContainerBase.java:1399)
	at java.util.concurrent.FutureTask.run(Unknown Source)
	at java.util.concurrent.ThreadPoolExecutor.runWorker(Unknown Source)
	at java.util.concurrent.ThreadPoolExecutor$Worker.run(Unknown Source)
	at java.lang.Thread.run(Unknown Source)
Caused by: org.springframework.beans.BeanInstantiationException: Could not instantiate bean class [com.qqms.serviceImpl.PermissionAssignmentServiceImpl]: Constructor threw exception; nested exception is java.lang.Error: Unresolved compilation problems: 
	The import net.sourceforge cannot be resolved
	The method getUpEname1(String) from the type ChineseToPinYinUtil refers to the missing type BadHanyuPinyinOutputFormatCombination
	BadHanyuPinyinOutputFormatCombination cannot be resolved to a type

	at org.springframework.beans.BeanUtils.instantiateClass(BeanUtils.java:163)
	at org.springframework.beans.factory.support.SimpleInstantiationStrategy.instantiate(SimpleInstantiationStrategy.java:87)
	at org.springframework.beans.factory.support.AbstractAutowireCapableBeanFactory.instantiateBean(AbstractAutowireCapableBeanFactory.java:1006)
	... 22 more
Caused by: java.lang.Error: Unresolved compilation problems: 
	The import net.sourceforge cannot be resolved
	The method getUpEname1(String) from the type ChineseToPinYinUtil refers to the missing type BadHanyuPinyinOutputFormatCombination
	BadHanyuPinyinOutputFormatCombination cannot be resolved to a type

	at com.qqms.serviceImpl.PermissionAssignmentServiceImpl.<init>(PermissionAssignmentServiceImpl.java:10)
	at sun.reflect.NativeConstructorAccessorImpl.newInstance0(Native Method)
	at sun.reflect.NativeConstructorAccessorImpl.newInstance(Unknown Source)
	at sun.reflect.DelegatingConstructorAccessorImpl.newInstance(Unknown Source)
	at java.lang.reflect.Constructor.newInstance(Unknown Source)
	at org.springframework.beans.BeanUtils.instantiateClass(BeanUtils.java:148)
	... 24 more
