13:39:24,061  INFO ContextLoader:272 - Root WebApplicationContext: initialization started
13:39:24,154  INFO XmlWebApplicationContext:510 - Refreshing Root WebApplicationContext: startup date [Mon Feb 22 13:39:24 CST 2016]; root of context hierarchy
13:39:24,201  INFO XmlBeanDefinitionReader:315 - Loading XML bean definitions from class path resource [spring.xml]
13:39:24,293  INFO ClassPathBeanDefinitionScanner:222 - JSR-250 'javax.annotation.ManagedBean' found and supported for component scanning
13:39:24,759  INFO XmlBeanDefinitionReader:315 - Loading XML bean definitions from class path resource [spring-hibernate.xml]
13:39:25,198  INFO PropertyPlaceholderConfigurer:177 - Loading properties file from class path resource [config.properties]
13:39:25,247  INFO XmlWebApplicationContext:1374 - Bean 'org.springframework.aop.support.DefaultBeanFactoryPointcutAdvisor#0' of type [class org.springframework.aop.support.DefaultBeanFactoryPointcutAdvisor] is not eligible for getting processed by all BeanPostProcessors (for example: not eligible for auto-proxying)
13:39:25,263  INFO XmlWebApplicationContext:1374 - Bean 'druid-stat-pointcut' of type [class org.springframework.aop.support.JdkRegexpMethodPointcut] is not eligible for getting processed by all BeanPostProcessors (for example: not eligible for auto-proxying)
13:39:25,361  INFO XmlWebApplicationContext:1374 - Bean 'org.springframework.aop.support.DefaultBeanFactoryPointcutAdvisor#1' of type [class org.springframework.aop.support.DefaultBeanFactoryPointcutAdvisor] is not eligible for getting processed by all BeanPostProcessors (for example: not eligible for auto-proxying)
13:39:25,492  INFO DruidDataSource:642 - {dataSource-1} inited
13:39:25,492  INFO XmlWebApplicationContext:1374 - Bean 'dataSource' of type [class com.alibaba.druid.pool.DruidDataSource] is not eligible for getting processed by all BeanPostProcessors (for example: not eligible for auto-proxying)
13:39:25,647  INFO Version:37 - HCANN000001: Hibernate Commons Annotations {4.0.1.Final}
13:39:25,653  INFO Version:41 - HHH000412: Hibernate Core {4.1.9.Final}
13:39:25,654  INFO Environment:239 - HHH000206: hibernate.properties not found
13:39:25,656  INFO Environment:342 - HHH000021: Bytecode provider name : javassist
13:39:26,239  INFO Dialect:123 - HHH000400: Using dialect: org.hibernate.dialect.MySQLDialect
13:39:26,248  INFO LobCreatorBuilder:94 - HHH000423: Disabling contextual LOB creation as JDBC driver reported JDBC version [3] less than 4
13:39:26,261  INFO TransactionFactoryInitiator:68 - HHH000399: Using default transaction strategy (direct JDBC transactions)
13:39:26,266  INFO ASTQueryTranslatorFactory:48 - HHH000397: Using ASTQueryTranslatorFactory
13:39:26,756  INFO XmlWebApplicationContext:1374 - Bean 'sessionFactory' of type [class org.springframework.orm.hibernate4.LocalSessionFactoryBean] is not eligible for getting processed by all BeanPostProcessors (for example: not eligible for auto-proxying)
13:39:26,759  INFO XmlWebApplicationContext:1374 - Bean 'sessionFactory' of type [class org.hibernate.internal.SessionFactoryImpl] is not eligible for getting processed by all BeanPostProcessors (for example: not eligible for auto-proxying)
13:39:26,797  INFO EhCacheManagerFactoryBean:110 - Initializing EhCache CacheManager
13:39:26,833  WARN CacheManager:730 - One or more caches require a DiskStore but there is no diskStore element configured. Using the default disk store path of C:\Users\Sun\AppData\Local\Temp\. Please explicitly configure the diskStore element in ehcache.xml.
13:39:26,955  INFO XmlWebApplicationContext:1374 - Bean 'cacheManager' of type [class org.springframework.cache.ehcache.EhCacheManagerFactoryBean] is not eligible for getting processed by all BeanPostProcessors (for example: not eligible for auto-proxying)
13:39:26,956  INFO XmlWebApplicationContext:1374 - Bean 'cacheManager' of type [class net.sf.ehcache.CacheManager] is not eligible for getting processed by all BeanPostProcessors (for example: not eligible for auto-proxying)
13:39:26,959  INFO XmlWebApplicationContext:1374 - Bean 'shiroCacheManager' of type [class org.apache.shiro.cache.ehcache.EhCacheManager] is not eligible for getting processed by all BeanPostProcessors (for example: not eligible for auto-proxying)
13:39:26,962  INFO EhCacheManager:159 - Cache with name 'com.oasys.shiro.MyShiroRealm.authorizationCache' does not yet exist.  Creating now.
13:39:26,976  INFO EhCacheManager:166 - Added EhCache named [com.oasys.shiro.MyShiroRealm.authorizationCache]
13:39:26,977  INFO XmlWebApplicationContext:1374 - Bean 'myShiroRealm' of type [class com.oasys.shiro.MyShiroRealm] is not eligible for getting processed by all BeanPostProcessors (for example: not eligible for auto-proxying)
13:39:26,984  INFO XmlWebApplicationContext:1374 - Bean 'securityManager' of type [class org.apache.shiro.web.mgt.DefaultWebSecurityManager] is not eligible for getting processed by all BeanPostProcessors (for example: not eligible for auto-proxying)
13:39:27,018  INFO XmlWebApplicationContext:1374 - Bean 'formAuthenticationFilter' of type [class org.apache.shiro.web.filter.authc.FormAuthenticationFilter] is not eligible for getting processed by all BeanPostProcessors (for example: not eligible for auto-proxying)
13:39:27,047  INFO XmlWebApplicationContext:1374 - Bean 'sessionDAO' of type [class org.apache.shiro.session.mgt.eis.EnterpriseCacheSessionDAO] is not eligible for getting processed by all BeanPostProcessors (for example: not eligible for auto-proxying)
13:39:27,052  INFO XmlWebApplicationContext:1374 - Bean 'com.oasys.listener.SessionHandler#3c71ebd6' of type [class com.oasys.listener.SessionHandler] is not eligible for getting processed by all BeanPostProcessors (for example: not eligible for auto-proxying)
13:39:27,056  INFO XmlWebApplicationContext:1374 - Bean 'sessionValidationScheduler' of type [class org.apache.shiro.session.mgt.ExecutorServiceSessionValidationScheduler] is not eligible for getting processed by all BeanPostProcessors (for example: not eligible for auto-proxying)
13:39:27,059  INFO XmlWebApplicationContext:1374 - Bean 'sessionManager' of type [class org.apache.shiro.web.session.mgt.DefaultWebSessionManager] is not eligible for getting processed by all BeanPostProcessors (for example: not eligible for auto-proxying)
13:39:27,065  INFO EhCacheManager:159 - Cache with name 'shiro-kickout-session' does not yet exist.  Creating now.
13:39:27,079  INFO EhCacheManager:166 - Added EhCache named [shiro-kickout-session]
13:39:27,079  INFO XmlWebApplicationContext:1374 - Bean 'kickoutSessionControlFilter' of type [class com.oasys.shiro.KickoutSessionControlFilter] is not eligible for getting processed by all BeanPostProcessors (for example: not eligible for auto-proxying)
13:39:27,080  INFO XmlWebApplicationContext:1374 - Bean 'util:map#5841ff1f' of type [class org.springframework.beans.factory.config.MapFactoryBean] is not eligible for getting processed by all BeanPostProcessors (for example: not eligible for auto-proxying)
13:39:27,090  INFO XmlWebApplicationContext:1374 - Bean 'util:map#5841ff1f' of type [class java.util.LinkedHashMap] is not eligible for getting processed by all BeanPostProcessors (for example: not eligible for auto-proxying)
13:39:27,125  INFO DefaultListableBeanFactory:577 - Pre-instantiating singletons in org.springframework.beans.factory.support.DefaultListableBeanFactory@736945a5: defining beans [org.springframework.beans.factory.config.PropertyPlaceholderConfigurer#0,attachmentController,auditProcHisController,badgeAppController,badgeTaskController,baseController,businessTripAppController,businessTripAttachController,cardAppController,commonController,consumablesAppAttachController,consumablesAppController,credentialsAppController,empDimissionAppController,empDimissionTakeoverInfoController,empForgetPluginAppController,empFullmemberAppController,empRosterRegController,empSalPositionChgAppController,expendVoucherAppController,expensesAppController,expressInfoRegController,leaveAppController,leaveTaskController,loanAppController,loanTaskController,loginController,myAppController,noticeInfoController,openOfficeController,organizationController,outAppController,overtimeControoler,penaltyNoticeRegController,penaltyNoticeSubmitAppAttachController,penaltyNoticeSubmitAppController,ppeRegController,PPEScrapAppAttachController,PPEScrapAppController,ppeStockInfoController,ppeTurnoverAppAttachController,ppeTurnoverAppController,ppeUsedConfirmController,ppeUsedTaskController,purchaseAppAttachController,purchaseAppController,roleController,specialRatifyAppController,staffRecruitAppController,systemCodeController,travelExpensesAppController,travelTaskAppController,useStampAppController,useStampTaskController,vehicleUsesRegController,workFlowController,workFlowTaskController,publicDao,attachmentService,auditPorcService,auditProcHisService,backupScheduleService,badgeAppService,badgeTaskService,businessTripAppService,businessTripAttachService,cardAppAttachService,cardApplyService,commonService,consumablesAppAttachService,consumablesAppService,credentialsAppAttachService,credentialsAppService,dbBackUpService,empDimissionAppService,empDimissionTakeoverInfoService,empForgetPluginAppService,empFullmemberAppService,empRosterRegService,empSalPositionChgAppService,excelService,expendVoucherAppService,expensesAppService,expressInfoRegService,functionService,leaveAppService,leaveTaskService,loanAppService,loanTaskService,loginService,logsService,myAppService,noticeInfoService,organizationService,outAppService,overtimeAppService,penaltyNoticeReg,penaltyNoticeSubmitAppAttachService,penaltyNoticeSubmitAppService,permissionAssignmentService,ppeRegService,ppeScrapAppAttachServiceImpl,ppeScrapAppService,ppetockInfoService,ppeTurnoverAppAttachServiceImpl,ppeTurnoverAppService,ppeUsedConfirmService,ppeUsedTaskService,purchaseAppAttachService,purchaseAppService,roleService,specialRatifyAppService,staffRecruitAppService,stampStatisticsService,statusNameRefService,systemCodeService,systemParameterService,travelExpensesAppService,travelTaskService,userService,useStampAppService,useStampTaskService,vehicleUsesRegService,emWebService,taskRoleService,workFlowBaseServiceImpl,workFlowService,workFlowTaskService,org.springframework.context.annotation.internalConfigurationAnnotationProcessor,org.springframework.context.annotation.internalAutowiredAnnotationProcessor,org.springframework.context.annotation.internalRequiredAnnotationProcessor,org.springframework.context.annotation.internalCommonAnnotationProcessor,org.springframework.context.annotation.internalPersistenceAnnotationProcessor,org.springframework.web.servlet.view.InternalResourceViewResolver#0,org.springframework.web.servlet.resource.DefaultServletHttpRequestHandler#0,org.springframework.web.servlet.handler.SimpleUrlHandlerMapping#0,org.springframework.web.servlet.handler.BeanNameUrlHandlerMapping,org.springframework.web.servlet.mvc.HttpRequestHandlerAdapter,org.springframework.web.servlet.mvc.SimpleControllerHandlerAdapter,mvcContentNegotiationManager,org.springframework.web.servlet.mvc.method.annotation.RequestMappingHandlerMapping#0,org.springframework.format.support.FormattingConversionServiceFactoryBean#0,org.springframework.web.servlet.mvc.method.annotation.RequestMappingHandlerAdapter#0,org.springframework.web.servlet.handler.MappedInterceptor#0,org.springframework.web.servlet.mvc.method.annotation.ExceptionHandlerExceptionResolver#0,org.springframework.web.servlet.mvc.annotation.ResponseStatusExceptionResolver#0,org.springframework.web.servlet.mvc.support.DefaultHandlerExceptionResolver#0,dataSource,cacheManager,myShiroRealm,securityManager,lifecycleBeanPostProcessor,shiroCacheManager,formAuthenticationFilter,sessionManager,sessionDAO,sessionValidationScheduler,kickoutSessionControlFilter,shiroFilter,sessionFactory,transactionManager,transactionAdvice,org.springframework.aop.config.internalAutoProxyCreator,transactionPointcut,org.springframework.aop.support.DefaultBeanFactoryPointcutAdvisor#0,druid-stat-interceptor,druid-stat-pointcut,org.springframework.aop.support.DefaultBeanFactoryPointcutAdvisor#1,org.springframework.context.annotation.ConfigurationClassPostProcessor.importAwareProcessor]; root of factory hierarchy
13:39:27,182  INFO HibernateTransactionManager:339 - Using DataSource [{
	CreateTime:"2016-02-22 13:39:25",
	ActiveCount:0,
	PoolingCount:1,
	CreateCount:1,
	DestroyCount:0,
	CloseCount:1,
	ConnectCount:1,
	Connections:[
		{ID:1604027047, ConnectTime:"2016-02-22 13:39:26", UseCount:1, LastActiveTime:"2016-02-22 13:39:26"}
	]
}] of Hibernate SessionFactory for HibernateTransactionManager
13:39:27,275  INFO DefaultListableBeanFactory:444 - Destroying singletons in org.springframework.beans.factory.support.DefaultListableBeanFactory@736945a5: defining beans [org.springframework.beans.factory.config.PropertyPlaceholderConfigurer#0,attachmentController,auditProcHisController,badgeAppController,badgeTaskController,baseController,businessTripAppController,businessTripAttachController,cardAppController,commonController,consumablesAppAttachController,consumablesAppController,credentialsAppController,empDimissionAppController,empDimissionTakeoverInfoController,empForgetPluginAppController,empFullmemberAppController,empRosterRegController,empSalPositionChgAppController,expendVoucherAppController,expensesAppController,expressInfoRegController,leaveAppController,leaveTaskController,loanAppController,loanTaskController,loginController,myAppController,noticeInfoController,openOfficeController,organizationController,outAppController,overtimeControoler,penaltyNoticeRegController,penaltyNoticeSubmitAppAttachController,penaltyNoticeSubmitAppController,ppeRegController,PPEScrapAppAttachController,PPEScrapAppController,ppeStockInfoController,ppeTurnoverAppAttachController,ppeTurnoverAppController,ppeUsedConfirmController,ppeUsedTaskController,purchaseAppAttachController,purchaseAppController,roleController,specialRatifyAppController,staffRecruitAppController,systemCodeController,travelExpensesAppController,travelTaskAppController,useStampAppController,useStampTaskController,vehicleUsesRegController,workFlowController,workFlowTaskController,publicDao,attachmentService,auditPorcService,auditProcHisService,backupScheduleService,badgeAppService,badgeTaskService,businessTripAppService,businessTripAttachService,cardAppAttachService,cardApplyService,commonService,consumablesAppAttachService,consumablesAppService,credentialsAppAttachService,credentialsAppService,dbBackUpService,empDimissionAppService,empDimissionTakeoverInfoService,empForgetPluginAppService,empFullmemberAppService,empRosterRegService,empSalPositionChgAppService,excelService,expendVoucherAppService,expensesAppService,expressInfoRegService,functionService,leaveAppService,leaveTaskService,loanAppService,loanTaskService,loginService,logsService,myAppService,noticeInfoService,organizationService,outAppService,overtimeAppService,penaltyNoticeReg,penaltyNoticeSubmitAppAttachService,penaltyNoticeSubmitAppService,permissionAssignmentService,ppeRegService,ppeScrapAppAttachServiceImpl,ppeScrapAppService,ppetockInfoService,ppeTurnoverAppAttachServiceImpl,ppeTurnoverAppService,ppeUsedConfirmService,ppeUsedTaskService,purchaseAppAttachService,purchaseAppService,roleService,specialRatifyAppService,staffRecruitAppService,stampStatisticsService,statusNameRefService,systemCodeService,systemParameterService,travelExpensesAppService,travelTaskService,userService,useStampAppService,useStampTaskService,vehicleUsesRegService,emWebService,taskRoleService,workFlowBaseServiceImpl,workFlowService,workFlowTaskService,org.springframework.context.annotation.internalConfigurationAnnotationProcessor,org.springframework.context.annotation.internalAutowiredAnnotationProcessor,org.springframework.context.annotation.internalRequiredAnnotationProcessor,org.springframework.context.annotation.internalCommonAnnotationProcessor,org.springframework.context.annotation.internalPersistenceAnnotationProcessor,org.springframework.web.servlet.view.InternalResourceViewResolver#0,org.springframework.web.servlet.resource.DefaultServletHttpRequestHandler#0,org.springframework.web.servlet.handler.SimpleUrlHandlerMapping#0,org.springframework.web.servlet.handler.BeanNameUrlHandlerMapping,org.springframework.web.servlet.mvc.HttpRequestHandlerAdapter,org.springframework.web.servlet.mvc.SimpleControllerHandlerAdapter,mvcContentNegotiationManager,org.springframework.web.servlet.mvc.method.annotation.RequestMappingHandlerMapping#0,org.springframework.format.support.FormattingConversionServiceFactoryBean#0,org.springframework.web.servlet.mvc.method.annotation.RequestMappingHandlerAdapter#0,org.springframework.web.servlet.handler.MappedInterceptor#0,org.springframework.web.servlet.mvc.method.annotation.ExceptionHandlerExceptionResolver#0,org.springframework.web.servlet.mvc.annotation.ResponseStatusExceptionResolver#0,org.springframework.web.servlet.mvc.support.DefaultHandlerExceptionResolver#0,dataSource,cacheManager,myShiroRealm,securityManager,lifecycleBeanPostProcessor,shiroCacheManager,formAuthenticationFilter,sessionManager,sessionDAO,sessionValidationScheduler,kickoutSessionControlFilter,shiroFilter,sessionFactory,transactionManager,transactionAdvice,org.springframework.aop.config.internalAutoProxyCreator,transactionPointcut,org.springframework.aop.support.DefaultBeanFactoryPointcutAdvisor#0,druid-stat-interceptor,druid-stat-pointcut,org.springframework.aop.support.DefaultBeanFactoryPointcutAdvisor#1,org.springframework.context.annotation.ConfigurationClassPostProcessor.importAwareProcessor]; root of factory hierarchy
13:39:27,280  INFO EhCacheManagerFactoryBean:164 - Shutting down EhCache CacheManager
13:39:27,292  INFO DruidDataSource:1253 - {dataSource-1} closed
13:39:27,293 ERROR ContextLoader:307 - Context initialization failed
org.springframework.beans.factory.BeanCreationException: Error creating bean with name 'badgeTaskController': Injection of autowired dependencies failed; nested exception is org.springframework.beans.factory.BeanCreationException: Could not autowire field: private com.oasys.service.BadgeTaskService com.oasys.controller.BadgeTaskController.badgeTaskService; nested exception is org.springframework.beans.factory.BeanCreationException: Error creating bean with name 'badgeTaskService': Injection of autowired dependencies failed; nested exception is org.springframework.beans.factory.BeanCreationException: Could not autowire field: protected org.activiti.engine.RepositoryService com.oasys.serviceImpl.workFlow.WorkFlowBaseServiceImpl.repositoryService; nested exception is org.springframework.beans.factory.NoSuchBeanDefinitionException: No matching bean of type [org.activiti.engine.RepositoryService] found for dependency: expected at least 1 bean which qualifies as autowire candidate for this dependency. Dependency annotations: {@org.springframework.beans.factory.annotation.Autowired(required=true)}
	at org.springframework.beans.factory.annotation.AutowiredAnnotationBeanPostProcessor.postProcessPropertyValues(AutowiredAnnotationBeanPostProcessor.java:288)
	at org.springframework.beans.factory.support.AbstractAutowireCapableBeanFactory.populateBean(AbstractAutowireCapableBeanFactory.java:1120)
	at org.springframework.beans.factory.support.AbstractAutowireCapableBeanFactory.doCreateBean(AbstractAutowireCapableBeanFactory.java:522)
	at org.springframework.beans.factory.support.AbstractAutowireCapableBeanFactory.createBean(AbstractAutowireCapableBeanFactory.java:461)
	at org.springframework.beans.factory.support.AbstractBeanFactory$1.getObject(AbstractBeanFactory.java:295)
	at org.springframework.beans.factory.support.DefaultSingletonBeanRegistry.getSingleton(DefaultSingletonBeanRegistry.java:223)
	at org.springframework.beans.factory.support.AbstractBeanFactory.doGetBean(AbstractBeanFactory.java:292)
	at org.springframework.beans.factory.support.AbstractBeanFactory.getBean(AbstractBeanFactory.java:194)
	at org.springframework.beans.factory.support.DefaultListableBeanFactory.preInstantiateSingletons(DefaultListableBeanFactory.java:607)
	at org.springframework.context.support.AbstractApplicationContext.finishBeanFactoryInitialization(AbstractApplicationContext.java:932)
	at org.springframework.context.support.AbstractApplicationContext.refresh(AbstractApplicationContext.java:479)
	at org.springframework.web.context.ContextLoader.configureAndRefreshWebApplicationContext(ContextLoader.java:383)
	at org.springframework.web.context.ContextLoader.initWebApplicationContext(ContextLoader.java:283)
	at org.springframework.web.context.ContextLoaderListener.contextInitialized(ContextLoaderListener.java:112)
	at org.apache.catalina.core.StandardContext.listenerStart(StandardContext.java:5016)
	at org.apache.catalina.core.StandardContext.startInternal(StandardContext.java:5524)
	at org.apache.catalina.util.LifecycleBase.start(LifecycleBase.java:150)
	at org.apache.catalina.core.ContainerBase$StartChild.call(ContainerBase.java:1575)
	at org.apache.catalina.core.ContainerBase$StartChild.call(ContainerBase.java:1565)
	at java.util.concurrent.FutureTask.run(Unknown Source)
	at java.util.concurrent.ThreadPoolExecutor.runWorker(Unknown Source)
	at java.util.concurrent.ThreadPoolExecutor$Worker.run(Unknown Source)
	at java.lang.Thread.run(Unknown Source)
Caused by: org.springframework.beans.factory.BeanCreationException: Could not autowire field: private com.oasys.service.BadgeTaskService com.oasys.controller.BadgeTaskController.badgeTaskService; nested exception is org.springframework.beans.factory.BeanCreationException: Error creating bean with name 'badgeTaskService': Injection of autowired dependencies failed; nested exception is org.springframework.beans.factory.BeanCreationException: Could not autowire field: protected org.activiti.engine.RepositoryService com.oasys.serviceImpl.workFlow.WorkFlowBaseServiceImpl.repositoryService; nested exception is org.springframework.beans.factory.NoSuchBeanDefinitionException: No matching bean of type [org.activiti.engine.RepositoryService] found for dependency: expected at least 1 bean which qualifies as autowire candidate for this dependency. Dependency annotations: {@org.springframework.beans.factory.annotation.Autowired(required=true)}
	at org.springframework.beans.factory.annotation.AutowiredAnnotationBeanPostProcessor$AutowiredFieldElement.inject(AutowiredAnnotationBeanPostProcessor.java:514)
	at org.springframework.beans.factory.annotation.InjectionMetadata.inject(InjectionMetadata.java:87)
	at org.springframework.beans.factory.annotation.AutowiredAnnotationBeanPostProcessor.postProcessPropertyValues(AutowiredAnnotationBeanPostProcessor.java:285)
	... 22 more
Caused by: org.springframework.beans.factory.BeanCreationException: Error creating bean with name 'badgeTaskService': Injection of autowired dependencies failed; nested exception is org.springframework.beans.factory.BeanCreationException: Could not autowire field: protected org.activiti.engine.RepositoryService com.oasys.serviceImpl.workFlow.WorkFlowBaseServiceImpl.repositoryService; nested exception is org.springframework.beans.factory.NoSuchBeanDefinitionException: No matching bean of type [org.activiti.engine.RepositoryService] found for dependency: expected at least 1 bean which qualifies as autowire candidate for this dependency. Dependency annotations: {@org.springframework.beans.factory.annotation.Autowired(required=true)}
	at org.springframework.beans.factory.annotation.AutowiredAnnotationBeanPostProcessor.postProcessPropertyValues(AutowiredAnnotationBeanPostProcessor.java:288)
	at org.springframework.beans.factory.support.AbstractAutowireCapableBeanFactory.populateBean(AbstractAutowireCapableBeanFactory.java:1120)
	at org.springframework.beans.factory.support.AbstractAutowireCapableBeanFactory.doCreateBean(AbstractAutowireCapableBeanFactory.java:522)
	at org.springframework.beans.factory.support.AbstractAutowireCapableBeanFactory.createBean(AbstractAutowireCapableBeanFactory.java:461)
	at org.springframework.beans.factory.support.AbstractBeanFactory$1.getObject(AbstractBeanFactory.java:295)
	at org.springframework.beans.factory.support.DefaultSingletonBeanRegistry.getSingleton(DefaultSingletonBeanRegistry.java:223)
	at org.springframework.beans.factory.support.AbstractBeanFactory.doGetBean(AbstractBeanFactory.java:292)
	at org.springframework.beans.factory.support.AbstractBeanFactory.getBean(AbstractBeanFactory.java:194)
	at org.springframework.beans.factory.support.DefaultListableBeanFactory.findAutowireCandidates(DefaultListableBeanFactory.java:873)
	at org.springframework.beans.factory.support.DefaultListableBeanFactory.doResolveDependency(DefaultListableBeanFactory.java:815)
	at org.springframework.beans.factory.support.DefaultListableBeanFactory.resolveDependency(DefaultListableBeanFactory.java:730)
	at org.springframework.beans.factory.annotation.AutowiredAnnotationBeanPostProcessor$AutowiredFieldElement.inject(AutowiredAnnotationBeanPostProcessor.java:486)
	... 24 more
Caused by: org.springframework.beans.factory.BeanCreationException: Could not autowire field: protected org.activiti.engine.RepositoryService com.oasys.serviceImpl.workFlow.WorkFlowBaseServiceImpl.repositoryService; nested exception is org.springframework.beans.factory.NoSuchBeanDefinitionException: No matching bean of type [org.activiti.engine.RepositoryService] found for dependency: expected at least 1 bean which qualifies as autowire candidate for this dependency. Dependency annotations: {@org.springframework.beans.factory.annotation.Autowired(required=true)}
	at org.springframework.beans.factory.annotation.AutowiredAnnotationBeanPostProcessor$AutowiredFieldElement.inject(AutowiredAnnotationBeanPostProcessor.java:514)
	at org.springframework.beans.factory.annotation.InjectionMetadata.inject(InjectionMetadata.java:87)
	at org.springframework.beans.factory.annotation.AutowiredAnnotationBeanPostProcessor.postProcessPropertyValues(AutowiredAnnotationBeanPostProcessor.java:285)
	... 35 more
Caused by: org.springframework.beans.factory.NoSuchBeanDefinitionException: No matching bean of type [org.activiti.engine.RepositoryService] found for dependency: expected at least 1 bean which qualifies as autowire candidate for this dependency. Dependency annotations: {@org.springframework.beans.factory.annotation.Autowired(required=true)}
	at org.springframework.beans.factory.support.DefaultListableBeanFactory.raiseNoSuchBeanDefinitionException(DefaultListableBeanFactory.java:949)
	at org.springframework.beans.factory.support.DefaultListableBeanFactory.doResolveDependency(DefaultListableBeanFactory.java:818)
	at org.springframework.beans.factory.support.DefaultListableBeanFactory.resolveDependency(DefaultListableBeanFactory.java:730)
	at org.springframework.beans.factory.annotation.AutowiredAnnotationBeanPostProcessor$AutowiredFieldElement.inject(AutowiredAnnotationBeanPostProcessor.java:486)
	... 37 more
13:41:40,869  INFO ContextLoader:272 - Root WebApplicationContext: initialization started
13:41:40,964  INFO XmlWebApplicationContext:510 - Refreshing Root WebApplicationContext: startup date [Mon Feb 22 13:41:40 CST 2016]; root of context hierarchy
13:41:41,011  INFO XmlBeanDefinitionReader:315 - Loading XML bean definitions from class path resource [spring.xml]
13:41:41,102  INFO ClassPathBeanDefinitionScanner:222 - JSR-250 'javax.annotation.ManagedBean' found and supported for component scanning
13:41:41,571  INFO XmlBeanDefinitionReader:315 - Loading XML bean definitions from class path resource [spring-hibernate.xml]
13:41:42,070  INFO PropertyPlaceholderConfigurer:177 - Loading properties file from class path resource [config.properties]
13:41:42,120  INFO XmlWebApplicationContext:1374 - Bean 'org.springframework.aop.support.DefaultBeanFactoryPointcutAdvisor#0' of type [class org.springframework.aop.support.DefaultBeanFactoryPointcutAdvisor] is not eligible for getting processed by all BeanPostProcessors (for example: not eligible for auto-proxying)
13:41:42,137  INFO XmlWebApplicationContext:1374 - Bean 'druid-stat-pointcut' of type [class org.springframework.aop.support.JdkRegexpMethodPointcut] is not eligible for getting processed by all BeanPostProcessors (for example: not eligible for auto-proxying)
13:41:42,239  INFO XmlWebApplicationContext:1374 - Bean 'org.springframework.aop.support.DefaultBeanFactoryPointcutAdvisor#1' of type [class org.springframework.aop.support.DefaultBeanFactoryPointcutAdvisor] is not eligible for getting processed by all BeanPostProcessors (for example: not eligible for auto-proxying)
13:41:42,375  INFO DruidDataSource:642 - {dataSource-1} inited
13:41:42,375  INFO XmlWebApplicationContext:1374 - Bean 'dataSource' of type [class com.alibaba.druid.pool.DruidDataSource] is not eligible for getting processed by all BeanPostProcessors (for example: not eligible for auto-proxying)
13:41:42,533  INFO Version:37 - HCANN000001: Hibernate Commons Annotations {4.0.1.Final}
13:41:42,540  INFO Version:41 - HHH000412: Hibernate Core {4.1.9.Final}
13:41:42,542  INFO Environment:239 - HHH000206: hibernate.properties not found
13:41:42,543  INFO Environment:342 - HHH000021: Bytecode provider name : javassist
13:41:43,130  INFO Dialect:123 - HHH000400: Using dialect: org.hibernate.dialect.MySQLDialect
13:41:43,139  INFO LobCreatorBuilder:94 - HHH000423: Disabling contextual LOB creation as JDBC driver reported JDBC version [3] less than 4
13:41:43,152  INFO TransactionFactoryInitiator:68 - HHH000399: Using default transaction strategy (direct JDBC transactions)
13:41:43,157  INFO ASTQueryTranslatorFactory:48 - HHH000397: Using ASTQueryTranslatorFactory
13:41:43,608  INFO XmlWebApplicationContext:1374 - Bean 'sessionFactory' of type [class org.springframework.orm.hibernate4.LocalSessionFactoryBean] is not eligible for getting processed by all BeanPostProcessors (for example: not eligible for auto-proxying)
13:41:43,611  INFO XmlWebApplicationContext:1374 - Bean 'sessionFactory' of type [class org.hibernate.internal.SessionFactoryImpl] is not eligible for getting processed by all BeanPostProcessors (for example: not eligible for auto-proxying)
13:41:43,649  INFO EhCacheManagerFactoryBean:110 - Initializing EhCache CacheManager
13:41:43,684  WARN CacheManager:730 - One or more caches require a DiskStore but there is no diskStore element configured. Using the default disk store path of C:\Users\Sun\AppData\Local\Temp\. Please explicitly configure the diskStore element in ehcache.xml.
13:41:43,808  INFO XmlWebApplicationContext:1374 - Bean 'cacheManager' of type [class org.springframework.cache.ehcache.EhCacheManagerFactoryBean] is not eligible for getting processed by all BeanPostProcessors (for example: not eligible for auto-proxying)
13:41:43,809  INFO XmlWebApplicationContext:1374 - Bean 'cacheManager' of type [class net.sf.ehcache.CacheManager] is not eligible for getting processed by all BeanPostProcessors (for example: not eligible for auto-proxying)
13:41:43,812  INFO XmlWebApplicationContext:1374 - Bean 'shiroCacheManager' of type [class org.apache.shiro.cache.ehcache.EhCacheManager] is not eligible for getting processed by all BeanPostProcessors (for example: not eligible for auto-proxying)
13:41:43,816  INFO EhCacheManager:159 - Cache with name 'com.oasys.shiro.MyShiroRealm.authorizationCache' does not yet exist.  Creating now.
13:41:43,829  INFO EhCacheManager:166 - Added EhCache named [com.oasys.shiro.MyShiroRealm.authorizationCache]
13:41:43,831  INFO XmlWebApplicationContext:1374 - Bean 'myShiroRealm' of type [class com.oasys.shiro.MyShiroRealm] is not eligible for getting processed by all BeanPostProcessors (for example: not eligible for auto-proxying)
13:41:43,838  INFO XmlWebApplicationContext:1374 - Bean 'securityManager' of type [class org.apache.shiro.web.mgt.DefaultWebSecurityManager] is not eligible for getting processed by all BeanPostProcessors (for example: not eligible for auto-proxying)
13:41:43,872  INFO XmlWebApplicationContext:1374 - Bean 'formAuthenticationFilter' of type [class org.apache.shiro.web.filter.authc.FormAuthenticationFilter] is not eligible for getting processed by all BeanPostProcessors (for example: not eligible for auto-proxying)
13:41:43,902  INFO XmlWebApplicationContext:1374 - Bean 'sessionDAO' of type [class org.apache.shiro.session.mgt.eis.EnterpriseCacheSessionDAO] is not eligible for getting processed by all BeanPostProcessors (for example: not eligible for auto-proxying)
13:41:43,907  INFO XmlWebApplicationContext:1374 - Bean 'com.oasys.listener.SessionHandler#520a98c6' of type [class com.oasys.listener.SessionHandler] is not eligible for getting processed by all BeanPostProcessors (for example: not eligible for auto-proxying)
13:41:43,911  INFO XmlWebApplicationContext:1374 - Bean 'sessionValidationScheduler' of type [class org.apache.shiro.session.mgt.ExecutorServiceSessionValidationScheduler] is not eligible for getting processed by all BeanPostProcessors (for example: not eligible for auto-proxying)
13:41:43,914  INFO XmlWebApplicationContext:1374 - Bean 'sessionManager' of type [class org.apache.shiro.web.session.mgt.DefaultWebSessionManager] is not eligible for getting processed by all BeanPostProcessors (for example: not eligible for auto-proxying)
13:41:43,920  INFO EhCacheManager:159 - Cache with name 'shiro-kickout-session' does not yet exist.  Creating now.
13:41:43,933  INFO EhCacheManager:166 - Added EhCache named [shiro-kickout-session]
13:41:43,934  INFO XmlWebApplicationContext:1374 - Bean 'kickoutSessionControlFilter' of type [class com.oasys.shiro.KickoutSessionControlFilter] is not eligible for getting processed by all BeanPostProcessors (for example: not eligible for auto-proxying)
13:41:43,935  INFO XmlWebApplicationContext:1374 - Bean 'util:map#21df26c1' of type [class org.springframework.beans.factory.config.MapFactoryBean] is not eligible for getting processed by all BeanPostProcessors (for example: not eligible for auto-proxying)
13:41:43,936  INFO XmlWebApplicationContext:1374 - Bean 'util:map#21df26c1' of type [class java.util.LinkedHashMap] is not eligible for getting processed by all BeanPostProcessors (for example: not eligible for auto-proxying)
13:41:43,973  INFO DefaultListableBeanFactory:577 - Pre-instantiating singletons in org.springframework.beans.factory.support.DefaultListableBeanFactory@6dcbd415: defining beans [org.springframework.beans.factory.config.PropertyPlaceholderConfigurer#0,attachmentController,auditProcHisController,badgeAppController,badgeTaskController,baseController,businessTripAppController,businessTripAttachController,cardAppController,commonController,consumablesAppAttachController,consumablesAppController,credentialsAppController,empDimissionAppController,empDimissionTakeoverInfoController,empForgetPluginAppController,empFullmemberAppController,empRosterRegController,empSalPositionChgAppController,expendVoucherAppController,expensesAppController,expressInfoRegController,leaveAppController,leaveTaskController,loanAppController,loanTaskController,loginController,myAppController,noticeInfoController,openOfficeController,organizationController,outAppController,overtimeControoler,penaltyNoticeRegController,penaltyNoticeSubmitAppAttachController,penaltyNoticeSubmitAppController,ppeRegController,PPEScrapAppAttachController,PPEScrapAppController,ppeStockInfoController,ppeTurnoverAppAttachController,ppeTurnoverAppController,ppeUsedConfirmController,ppeUsedTaskController,purchaseAppAttachController,purchaseAppController,roleController,specialRatifyAppController,staffRecruitAppController,systemCodeController,travelExpensesAppController,travelTaskAppController,useStampAppController,useStampTaskController,vehicleUsesRegController,workFlowController,workFlowTaskController,publicDao,attachmentService,auditPorcService,auditProcHisService,backupScheduleService,badgeAppService,badgeTaskService,businessTripAppService,businessTripAttachService,cardAppAttachService,cardApplyService,commonService,consumablesAppAttachService,consumablesAppService,credentialsAppAttachService,credentialsAppService,dbBackUpService,empDimissionAppService,empDimissionTakeoverInfoService,empForgetPluginAppService,empFullmemberAppService,empRosterRegService,empSalPositionChgAppService,excelService,expendVoucherAppService,expensesAppService,expressInfoRegService,functionService,leaveAppService,leaveTaskService,loanAppService,loanTaskService,loginService,logsService,myAppService,noticeInfoService,organizationService,outAppService,overtimeAppService,penaltyNoticeReg,penaltyNoticeSubmitAppAttachService,penaltyNoticeSubmitAppService,permissionAssignmentService,ppeRegService,ppeScrapAppAttachServiceImpl,ppeScrapAppService,ppetockInfoService,ppeTurnoverAppAttachServiceImpl,ppeTurnoverAppService,ppeUsedConfirmService,ppeUsedTaskService,purchaseAppAttachService,purchaseAppService,roleService,specialRatifyAppService,staffRecruitAppService,stampStatisticsService,statusNameRefService,systemCodeService,systemParameterService,travelExpensesAppService,travelTaskService,userService,useStampAppService,useStampTaskService,vehicleUsesRegService,emWebService,taskRoleService,workFlowBaseServiceImpl,workFlowService,workFlowTaskService,org.springframework.context.annotation.internalConfigurationAnnotationProcessor,org.springframework.context.annotation.internalAutowiredAnnotationProcessor,org.springframework.context.annotation.internalRequiredAnnotationProcessor,org.springframework.context.annotation.internalCommonAnnotationProcessor,org.springframework.context.annotation.internalPersistenceAnnotationProcessor,org.springframework.web.servlet.view.InternalResourceViewResolver#0,org.springframework.web.servlet.resource.DefaultServletHttpRequestHandler#0,org.springframework.web.servlet.handler.SimpleUrlHandlerMapping#0,org.springframework.web.servlet.handler.BeanNameUrlHandlerMapping,org.springframework.web.servlet.mvc.HttpRequestHandlerAdapter,org.springframework.web.servlet.mvc.SimpleControllerHandlerAdapter,mvcContentNegotiationManager,org.springframework.web.servlet.mvc.method.annotation.RequestMappingHandlerMapping#0,org.springframework.format.support.FormattingConversionServiceFactoryBean#0,org.springframework.web.servlet.mvc.method.annotation.RequestMappingHandlerAdapter#0,org.springframework.web.servlet.handler.MappedInterceptor#0,org.springframework.web.servlet.mvc.method.annotation.ExceptionHandlerExceptionResolver#0,org.springframework.web.servlet.mvc.annotation.ResponseStatusExceptionResolver#0,org.springframework.web.servlet.mvc.support.DefaultHandlerExceptionResolver#0,dataSource,cacheManager,myShiroRealm,securityManager,lifecycleBeanPostProcessor,shiroCacheManager,formAuthenticationFilter,sessionManager,sessionDAO,sessionValidationScheduler,kickoutSessionControlFilter,shiroFilter,sessionFactory,transactionManager,transactionAdvice,org.springframework.aop.config.internalAutoProxyCreator,transactionPointcut,org.springframework.aop.support.DefaultBeanFactoryPointcutAdvisor#0,druid-stat-interceptor,druid-stat-pointcut,org.springframework.aop.support.DefaultBeanFactoryPointcutAdvisor#1,org.springframework.context.annotation.ConfigurationClassPostProcessor.importAwareProcessor]; root of factory hierarchy
13:41:44,033  INFO HibernateTransactionManager:339 - Using DataSource [{
	CreateTime:"2016-02-22 13:41:42",
	ActiveCount:0,
	PoolingCount:1,
	CreateCount:1,
	DestroyCount:0,
	CloseCount:1,
	ConnectCount:1,
	Connections:[
		{ID:113183108, ConnectTime:"2016-02-22 13:41:43", UseCount:1, LastActiveTime:"2016-02-22 13:41:43"}
	]
}] of Hibernate SessionFactory for HibernateTransactionManager
13:41:44,125  INFO DefaultListableBeanFactory:444 - Destroying singletons in org.springframework.beans.factory.support.DefaultListableBeanFactory@6dcbd415: defining beans [org.springframework.beans.factory.config.PropertyPlaceholderConfigurer#0,attachmentController,auditProcHisController,badgeAppController,badgeTaskController,baseController,businessTripAppController,businessTripAttachController,cardAppController,commonController,consumablesAppAttachController,consumablesAppController,credentialsAppController,empDimissionAppController,empDimissionTakeoverInfoController,empForgetPluginAppController,empFullmemberAppController,empRosterRegController,empSalPositionChgAppController,expendVoucherAppController,expensesAppController,expressInfoRegController,leaveAppController,leaveTaskController,loanAppController,loanTaskController,loginController,myAppController,noticeInfoController,openOfficeController,organizationController,outAppController,overtimeControoler,penaltyNoticeRegController,penaltyNoticeSubmitAppAttachController,penaltyNoticeSubmitAppController,ppeRegController,PPEScrapAppAttachController,PPEScrapAppController,ppeStockInfoController,ppeTurnoverAppAttachController,ppeTurnoverAppController,ppeUsedConfirmController,ppeUsedTaskController,purchaseAppAttachController,purchaseAppController,roleController,specialRatifyAppController,staffRecruitAppController,systemCodeController,travelExpensesAppController,travelTaskAppController,useStampAppController,useStampTaskController,vehicleUsesRegController,workFlowController,workFlowTaskController,publicDao,attachmentService,auditPorcService,auditProcHisService,backupScheduleService,badgeAppService,badgeTaskService,businessTripAppService,businessTripAttachService,cardAppAttachService,cardApplyService,commonService,consumablesAppAttachService,consumablesAppService,credentialsAppAttachService,credentialsAppService,dbBackUpService,empDimissionAppService,empDimissionTakeoverInfoService,empForgetPluginAppService,empFullmemberAppService,empRosterRegService,empSalPositionChgAppService,excelService,expendVoucherAppService,expensesAppService,expressInfoRegService,functionService,leaveAppService,leaveTaskService,loanAppService,loanTaskService,loginService,logsService,myAppService,noticeInfoService,organizationService,outAppService,overtimeAppService,penaltyNoticeReg,penaltyNoticeSubmitAppAttachService,penaltyNoticeSubmitAppService,permissionAssignmentService,ppeRegService,ppeScrapAppAttachServiceImpl,ppeScrapAppService,ppetockInfoService,ppeTurnoverAppAttachServiceImpl,ppeTurnoverAppService,ppeUsedConfirmService,ppeUsedTaskService,purchaseAppAttachService,purchaseAppService,roleService,specialRatifyAppService,staffRecruitAppService,stampStatisticsService,statusNameRefService,systemCodeService,systemParameterService,travelExpensesAppService,travelTaskService,userService,useStampAppService,useStampTaskService,vehicleUsesRegService,emWebService,taskRoleService,workFlowBaseServiceImpl,workFlowService,workFlowTaskService,org.springframework.context.annotation.internalConfigurationAnnotationProcessor,org.springframework.context.annotation.internalAutowiredAnnotationProcessor,org.springframework.context.annotation.internalRequiredAnnotationProcessor,org.springframework.context.annotation.internalCommonAnnotationProcessor,org.springframework.context.annotation.internalPersistenceAnnotationProcessor,org.springframework.web.servlet.view.InternalResourceViewResolver#0,org.springframework.web.servlet.resource.DefaultServletHttpRequestHandler#0,org.springframework.web.servlet.handler.SimpleUrlHandlerMapping#0,org.springframework.web.servlet.handler.BeanNameUrlHandlerMapping,org.springframework.web.servlet.mvc.HttpRequestHandlerAdapter,org.springframework.web.servlet.mvc.SimpleControllerHandlerAdapter,mvcContentNegotiationManager,org.springframework.web.servlet.mvc.method.annotation.RequestMappingHandlerMapping#0,org.springframework.format.support.FormattingConversionServiceFactoryBean#0,org.springframework.web.servlet.mvc.method.annotation.RequestMappingHandlerAdapter#0,org.springframework.web.servlet.handler.MappedInterceptor#0,org.springframework.web.servlet.mvc.method.annotation.ExceptionHandlerExceptionResolver#0,org.springframework.web.servlet.mvc.annotation.ResponseStatusExceptionResolver#0,org.springframework.web.servlet.mvc.support.DefaultHandlerExceptionResolver#0,dataSource,cacheManager,myShiroRealm,securityManager,lifecycleBeanPostProcessor,shiroCacheManager,formAuthenticationFilter,sessionManager,sessionDAO,sessionValidationScheduler,kickoutSessionControlFilter,shiroFilter,sessionFactory,transactionManager,transactionAdvice,org.springframework.aop.config.internalAutoProxyCreator,transactionPointcut,org.springframework.aop.support.DefaultBeanFactoryPointcutAdvisor#0,druid-stat-interceptor,druid-stat-pointcut,org.springframework.aop.support.DefaultBeanFactoryPointcutAdvisor#1,org.springframework.context.annotation.ConfigurationClassPostProcessor.importAwareProcessor]; root of factory hierarchy
13:41:44,130  INFO EhCacheManagerFactoryBean:164 - Shutting down EhCache CacheManager
13:41:44,143  INFO DruidDataSource:1253 - {dataSource-1} closed
13:41:44,144 ERROR ContextLoader:307 - Context initialization failed
org.springframework.beans.factory.BeanCreationException: Error creating bean with name 'badgeTaskController': Injection of autowired dependencies failed; nested exception is org.springframework.beans.factory.BeanCreationException: Could not autowire field: private com.oasys.service.BadgeTaskService com.oasys.controller.BadgeTaskController.badgeTaskService; nested exception is org.springframework.beans.factory.BeanCreationException: Error creating bean with name 'badgeTaskService': Injection of autowired dependencies failed; nested exception is org.springframework.beans.factory.BeanCreationException: Could not autowire field: protected org.activiti.engine.RepositoryService com.oasys.serviceImpl.workFlow.WorkFlowBaseServiceImpl.repositoryService; nested exception is org.springframework.beans.factory.NoSuchBeanDefinitionException: No matching bean of type [org.activiti.engine.RepositoryService] found for dependency: expected at least 1 bean which qualifies as autowire candidate for this dependency. Dependency annotations: {@org.springframework.beans.factory.annotation.Autowired(required=true)}
	at org.springframework.beans.factory.annotation.AutowiredAnnotationBeanPostProcessor.postProcessPropertyValues(AutowiredAnnotationBeanPostProcessor.java:288)
	at org.springframework.beans.factory.support.AbstractAutowireCapableBeanFactory.populateBean(AbstractAutowireCapableBeanFactory.java:1120)
	at org.springframework.beans.factory.support.AbstractAutowireCapableBeanFactory.doCreateBean(AbstractAutowireCapableBeanFactory.java:522)
	at org.springframework.beans.factory.support.AbstractAutowireCapableBeanFactory.createBean(AbstractAutowireCapableBeanFactory.java:461)
	at org.springframework.beans.factory.support.AbstractBeanFactory$1.getObject(AbstractBeanFactory.java:295)
	at org.springframework.beans.factory.support.DefaultSingletonBeanRegistry.getSingleton(DefaultSingletonBeanRegistry.java:223)
	at org.springframework.beans.factory.support.AbstractBeanFactory.doGetBean(AbstractBeanFactory.java:292)
	at org.springframework.beans.factory.support.AbstractBeanFactory.getBean(AbstractBeanFactory.java:194)
	at org.springframework.beans.factory.support.DefaultListableBeanFactory.preInstantiateSingletons(DefaultListableBeanFactory.java:607)
	at org.springframework.context.support.AbstractApplicationContext.finishBeanFactoryInitialization(AbstractApplicationContext.java:932)
	at org.springframework.context.support.AbstractApplicationContext.refresh(AbstractApplicationContext.java:479)
	at org.springframework.web.context.ContextLoader.configureAndRefreshWebApplicationContext(ContextLoader.java:383)
	at org.springframework.web.context.ContextLoader.initWebApplicationContext(ContextLoader.java:283)
	at org.springframework.web.context.ContextLoaderListener.contextInitialized(ContextLoaderListener.java:112)
	at org.apache.catalina.core.StandardContext.listenerStart(StandardContext.java:5016)
	at org.apache.catalina.core.StandardContext.startInternal(StandardContext.java:5524)
	at org.apache.catalina.util.LifecycleBase.start(LifecycleBase.java:150)
	at org.apache.catalina.core.ContainerBase$StartChild.call(ContainerBase.java:1575)
	at org.apache.catalina.core.ContainerBase$StartChild.call(ContainerBase.java:1565)
	at java.util.concurrent.FutureTask.run(Unknown Source)
	at java.util.concurrent.ThreadPoolExecutor.runWorker(Unknown Source)
	at java.util.concurrent.ThreadPoolExecutor$Worker.run(Unknown Source)
	at java.lang.Thread.run(Unknown Source)
Caused by: org.springframework.beans.factory.BeanCreationException: Could not autowire field: private com.oasys.service.BadgeTaskService com.oasys.controller.BadgeTaskController.badgeTaskService; nested exception is org.springframework.beans.factory.BeanCreationException: Error creating bean with name 'badgeTaskService': Injection of autowired dependencies failed; nested exception is org.springframework.beans.factory.BeanCreationException: Could not autowire field: protected org.activiti.engine.RepositoryService com.oasys.serviceImpl.workFlow.WorkFlowBaseServiceImpl.repositoryService; nested exception is org.springframework.beans.factory.NoSuchBeanDefinitionException: No matching bean of type [org.activiti.engine.RepositoryService] found for dependency: expected at least 1 bean which qualifies as autowire candidate for this dependency. Dependency annotations: {@org.springframework.beans.factory.annotation.Autowired(required=true)}
	at org.springframework.beans.factory.annotation.AutowiredAnnotationBeanPostProcessor$AutowiredFieldElement.inject(AutowiredAnnotationBeanPostProcessor.java:514)
	at org.springframework.beans.factory.annotation.InjectionMetadata.inject(InjectionMetadata.java:87)
	at org.springframework.beans.factory.annotation.AutowiredAnnotationBeanPostProcessor.postProcessPropertyValues(AutowiredAnnotationBeanPostProcessor.java:285)
	... 22 more
Caused by: org.springframework.beans.factory.BeanCreationException: Error creating bean with name 'badgeTaskService': Injection of autowired dependencies failed; nested exception is org.springframework.beans.factory.BeanCreationException: Could not autowire field: protected org.activiti.engine.RepositoryService com.oasys.serviceImpl.workFlow.WorkFlowBaseServiceImpl.repositoryService; nested exception is org.springframework.beans.factory.NoSuchBeanDefinitionException: No matching bean of type [org.activiti.engine.RepositoryService] found for dependency: expected at least 1 bean which qualifies as autowire candidate for this dependency. Dependency annotations: {@org.springframework.beans.factory.annotation.Autowired(required=true)}
	at org.springframework.beans.factory.annotation.AutowiredAnnotationBeanPostProcessor.postProcessPropertyValues(AutowiredAnnotationBeanPostProcessor.java:288)
	at org.springframework.beans.factory.support.AbstractAutowireCapableBeanFactory.populateBean(AbstractAutowireCapableBeanFactory.java:1120)
	at org.springframework.beans.factory.support.AbstractAutowireCapableBeanFactory.doCreateBean(AbstractAutowireCapableBeanFactory.java:522)
	at org.springframework.beans.factory.support.AbstractAutowireCapableBeanFactory.createBean(AbstractAutowireCapableBeanFactory.java:461)
	at org.springframework.beans.factory.support.AbstractBeanFactory$1.getObject(AbstractBeanFactory.java:295)
	at org.springframework.beans.factory.support.DefaultSingletonBeanRegistry.getSingleton(DefaultSingletonBeanRegistry.java:223)
	at org.springframework.beans.factory.support.AbstractBeanFactory.doGetBean(AbstractBeanFactory.java:292)
	at org.springframework.beans.factory.support.AbstractBeanFactory.getBean(AbstractBeanFactory.java:194)
	at org.springframework.beans.factory.support.DefaultListableBeanFactory.findAutowireCandidates(DefaultListableBeanFactory.java:873)
	at org.springframework.beans.factory.support.DefaultListableBeanFactory.doResolveDependency(DefaultListableBeanFactory.java:815)
	at org.springframework.beans.factory.support.DefaultListableBeanFactory.resolveDependency(DefaultListableBeanFactory.java:730)
	at org.springframework.beans.factory.annotation.AutowiredAnnotationBeanPostProcessor$AutowiredFieldElement.inject(AutowiredAnnotationBeanPostProcessor.java:486)
	... 24 more
Caused by: org.springframework.beans.factory.BeanCreationException: Could not autowire field: protected org.activiti.engine.RepositoryService com.oasys.serviceImpl.workFlow.WorkFlowBaseServiceImpl.repositoryService; nested exception is org.springframework.beans.factory.NoSuchBeanDefinitionException: No matching bean of type [org.activiti.engine.RepositoryService] found for dependency: expected at least 1 bean which qualifies as autowire candidate for this dependency. Dependency annotations: {@org.springframework.beans.factory.annotation.Autowired(required=true)}
	at org.springframework.beans.factory.annotation.AutowiredAnnotationBeanPostProcessor$AutowiredFieldElement.inject(AutowiredAnnotationBeanPostProcessor.java:514)
	at org.springframework.beans.factory.annotation.InjectionMetadata.inject(InjectionMetadata.java:87)
	at org.springframework.beans.factory.annotation.AutowiredAnnotationBeanPostProcessor.postProcessPropertyValues(AutowiredAnnotationBeanPostProcessor.java:285)
	... 35 more
Caused by: org.springframework.beans.factory.NoSuchBeanDefinitionException: No matching bean of type [org.activiti.engine.RepositoryService] found for dependency: expected at least 1 bean which qualifies as autowire candidate for this dependency. Dependency annotations: {@org.springframework.beans.factory.annotation.Autowired(required=true)}
	at org.springframework.beans.factory.support.DefaultListableBeanFactory.raiseNoSuchBeanDefinitionException(DefaultListableBeanFactory.java:949)
	at org.springframework.beans.factory.support.DefaultListableBeanFactory.doResolveDependency(DefaultListableBeanFactory.java:818)
	at org.springframework.beans.factory.support.DefaultListableBeanFactory.resolveDependency(DefaultListableBeanFactory.java:730)
	at org.springframework.beans.factory.annotation.AutowiredAnnotationBeanPostProcessor$AutowiredFieldElement.inject(AutowiredAnnotationBeanPostProcessor.java:486)
	... 37 more
